2026-03-24 14:57:51,433 [INFO] Activator:176 - 


2026-03-24 14:57:51,434 [INFO] Activator:177 - !SESSION log4j initialized
2026-03-24 14:57:53,802 [INFO] LogOutputStream:77 - [STDOUT_REDIRECT] 
2026-03-24 14:57:55,265 [INFO] ApplicationProperties:184 - Using Application install path: C:\ST\STM32CubeIDE_1.18.1\STM32CubeIDE\plugins\com.st.stm32cube.common.mx_6.14.1.202504091515
2026-03-24 14:57:55,280 [INFO] DbMcusXml:78 - Set database path to: C:\ST\STM32CubeIDE_1.18.1\STM32CubeIDE\plugins\com.st.stm32cube.common.mx_6.14.1.202504091515\\db\/mcu/
2026-03-24 14:57:55,280 [INFO] ApiDb:274 - Set plugin database path to: C:\ST\STM32CubeIDE_1.18.1\STM32CubeIDE\plugins\com.st.stm32cube.common.mx_6.14.1.202504091515\\db\/plugins/boardmanager/
2026-03-24 14:57:55,281 [WARN] ApiDb:259 - Overriding images path with different value:  => C:\ST\STM32CubeIDE_1.18.1\STM32CubeIDE\plugins\com.st.stm32cube.common.mx_6.14.1.202504091515\\db\/plugins/mcufinder/images/
2026-03-24 14:57:55,292 [INFO] ApiDb:250 - Set database path to: C:\Users\godsp\.stmcufinder\plugins\mcufinder//mcu/
2026-03-24 14:57:55,293 [INFO] DbMcusAds:125 - Set database path to: C:\Users\godsp\.stmcufinder\plugins\mcufinder//mcu/
2026-03-24 14:57:55,295 [INFO] CrossReferenceDbSqlite:203 - Set database path to: C:\Users\godsp\.stmcufinder\plugins\mcufinder//mcu/cs/
2026-03-24 14:57:55,391 [INFO] RulesReader:64 - Compatibility file has been processed (302 Rules)
2026-03-24 14:57:55,460 [INFO] DbMcusXml:78 - Set database path to: C:\ST\STM32CubeIDE_1.18.1\STM32CubeIDE\plugins\com.st.stm32cube.common.mx_6.14.1.202504091515\\db\/mcu/
2026-03-24 14:57:55,460 [INFO] ApiDb:274 - Set plugin database path to: C:\ST\STM32CubeIDE_1.18.1\STM32CubeIDE\plugins\com.st.stm32cube.common.mx_6.14.1.202504091515\\db\/plugins/boardmanager/
2026-03-24 14:57:55,460 [INFO] ApiDb:261 - Set plugin images path to: C:\ST\STM32CubeIDE_1.18.1\STM32CubeIDE\plugins\com.st.stm32cube.common.mx_6.14.1.202504091515\\db\/plugins/mcufinder/images/
2026-03-24 14:57:55,460 [WARN] DbFile:41 - Overriding database path with different value: C:\Users\godsp\.stmcufinder\plugins\mcufinder/ => C:\Users\godsp\.stmcufinder\plugins\mcufinder
2026-03-24 14:57:55,460 [INFO] ApiDb:250 - Set database path to: C:\Users\godsp\.stmcufinder\plugins\mcufinder//mcu/
2026-03-24 14:57:55,460 [WARN] DbFile:41 - Overriding database path with different value: C:\Users\godsp\.stmcufinder\plugins\mcufinder/ => C:\Users\godsp\.stmcufinder\plugins\mcufinder
2026-03-24 14:57:55,460 [INFO] DbMcusAds:125 - Set database path to: C:\Users\godsp\.stmcufinder\plugins\mcufinder//mcu/
2026-03-24 14:57:55,460 [WARN] DbFile:41 - Overriding database path with different value: C:\Users\godsp\.stmcufinder\plugins\mcufinder/ => C:\Users\godsp\.stmcufinder\plugins\mcufinder
2026-03-24 14:57:55,460 [WARN] DbFile:41 - Overriding database path with different value: C:\Users\godsp\.stmcufinder\plugins\mcufinder/ => C:\Users\godsp\.stmcufinder\plugins\mcufinder
2026-03-24 14:57:55,460 [INFO] CrossReferenceDbSqlite:203 - Set database path to: C:\Users\godsp\.stmcufinder\plugins\mcufinder//mcu/cs/
2026-03-24 14:57:55,536 [INFO] MainPanel:272 - HeapMemory: 268435456
2026-03-24 14:57:55,633 [INFO] DbMcusXml:78 - Set database path to: C:\ST\STM32CubeIDE_1.18.1\STM32CubeIDE\plugins\com.st.stm32cube.common.mx_6.14.1.202504091515\\db\/mcu/
2026-03-24 14:57:55,633 [INFO] ApiDb:274 - Set plugin database path to: C:\ST\STM32CubeIDE_1.18.1\STM32CubeIDE\plugins\com.st.stm32cube.common.mx_6.14.1.202504091515\\db\/plugins/boardmanager/
2026-03-24 14:57:55,633 [INFO] ApiDb:261 - Set plugin images path to: C:\ST\STM32CubeIDE_1.18.1\STM32CubeIDE\plugins\com.st.stm32cube.common.mx_6.14.1.202504091515\\db\/plugins/mcufinder/images/
2026-03-24 14:57:55,633 [WARN] DbFile:41 - Overriding database path with different value: C:\Users\godsp\.stmcufinder\plugins\mcufinder/ => C:\Users\godsp\.stmcufinder\plugins\mcufinder
2026-03-24 14:57:55,633 [INFO] ApiDb:250 - Set database path to: C:\Users\godsp\.stmcufinder\plugins\mcufinder//mcu/
2026-03-24 14:57:55,633 [WARN] DbFile:41 - Overriding database path with different value: C:\Users\godsp\.stmcufinder\plugins\mcufinder/ => C:\Users\godsp\.stmcufinder\plugins\mcufinder
2026-03-24 14:57:55,633 [INFO] DbMcusAds:125 - Set database path to: C:\Users\godsp\.stmcufinder\plugins\mcufinder//mcu/
2026-03-24 14:57:55,633 [WARN] DbFile:41 - Overriding database path with different value: C:\Users\godsp\.stmcufinder\plugins\mcufinder/ => C:\Users\godsp\.stmcufinder\plugins\mcufinder
2026-03-24 14:57:55,633 [WARN] DbFile:41 - Overriding database path with different value: C:\Users\godsp\.stmcufinder\plugins\mcufinder/ => C:\Users\godsp\.stmcufinder\plugins\mcufinder
2026-03-24 14:57:55,633 [INFO] CrossReferenceDbSqlite:203 - Set database path to: C:\Users\godsp\.stmcufinder\plugins\mcufinder//mcu/cs/
2026-03-24 14:57:55,650 [INFO] ApplicationProperties:184 - Using Application install path: C:\ST\STM32CubeIDE_1.18.1\STM32CubeIDE\plugins\com.st.stm32cube.common.mx_6.14.1.202504091515
2026-03-24 14:57:55,651 [INFO] PluginManage:196 - Search for loadable plugins [exclusion list=, ]
2026-03-24 14:57:55,652 [INFO] PluginManage:310 - Check plugin analytics
2026-03-24 14:57:55,820 [INFO] AnalyticsPlugin:253 - Accepted Software Licenses: 
2026-03-24 14:57:55,820 [INFO] AnalyticsPlugin:255 - Accepted CMSIS Pack Licenses: 
2026-03-24 14:57:55,820 [INFO] AnalyticsPlugin:257 - Accepted Firmware Licenses: FW.L5.1.5.0
2026-03-24 14:57:55,845 [INFO] PluginManage:359 - Loaded plugin analytics (category:tool,tabindex:-1)
2026-03-24 14:57:55,845 [INFO] PluginManage:310 - Check plugin cadmodel
2026-03-24 14:57:55,860 [INFO] CADModel:105 - Init CAD model plugin
2026-03-24 14:57:55,861 [INFO] PluginManage:359 - Loaded plugin cadmodel (category:power,tabindex:5)
2026-03-24 14:57:55,862 [INFO] PluginManage:310 - Check plugin clock
2026-03-24 14:57:55,876 [INFO] PluginManage:359 - Loaded plugin clock (category:base,tabindex:2)
2026-03-24 14:57:55,876 [INFO] PluginManage:310 - Check plugin ddr
2026-03-24 14:57:55,886 [INFO] PluginManage:359 - Loaded plugin ddr (category:tool,tabindex:6)
2026-03-24 14:57:55,886 [INFO] PluginManage:310 - Check plugin filemanager
2026-03-24 14:57:56,054 [INFO] PluginManage:359 - Loaded plugin filemanager (category:base,tabindex:10)
2026-03-24 14:57:56,055 [INFO] PluginManage:310 - Check plugin ipmanager
2026-03-24 14:57:56,060 [INFO] PluginManage:359 - Loaded plugin ipmanager (category:base,tabindex:5)
2026-03-24 14:57:56,060 [INFO] PluginManage:310 - Check plugin lpbam
2026-03-24 14:57:56,068 [INFO] PluginManage:359 - Loaded plugin lpbam (category:base,tabindex:0)
2026-03-24 14:57:56,068 [INFO] PluginManage:310 - Check plugin memorymap
2026-03-24 14:57:56,086 [INFO] PluginManage:359 - Loaded plugin memorymap (category:base,tabindex:4)
2026-03-24 14:57:56,086 [INFO] PluginManage:310 - Check plugin pinoutandconfiguration
2026-03-24 14:57:56,096 [INFO] PluginManage:359 - Loaded plugin pinoutandconfiguration (category:base,tabindex:1)
2026-03-24 14:57:56,096 [INFO] PluginManage:310 - Check plugin pinoutconfig
2026-03-24 14:57:56,208 [WARN] SupportedApi:132 - Cannot load RTOS API schema: s4s-elt-must-match.1: The content of 'definitions' must match (annotation?, (simpleType | complexType)?, (unique | key | keyref)*)). A problem was found starting at: attribute.
2026-03-24 14:57:56,322 [INFO] PluginManage:359 - Loaded plugin pinoutconfig (category:base,tabindex:0)
2026-03-24 14:57:56,322 [INFO] PluginManage:310 - Check plugin power
2026-03-24 14:57:56,331 [INFO] PluginManage:359 - Loaded plugin power (category:power,tabindex:4)
2026-03-24 14:57:56,331 [INFO] PluginManage:310 - Check plugin projectmanager
2026-03-24 14:57:56,343 [INFO] PluginManage:359 - Loaded plugin projectmanager (category:projectmanager,tabindex:4)
2026-03-24 14:57:56,343 [INFO] PluginManage:310 - Check plugin rif
2026-03-24 14:57:56,350 [INFO] PluginManage:359 - Loaded plugin rif (category:base,tabindex:3)
2026-03-24 14:57:56,350 [INFO] PluginManage:310 - Check plugin thirdparty
2026-03-24 14:57:56,466 [WARN] IntegrityCheckThread:84 - waiting for thirdparty lock release [integrity check]
2026-03-24 14:57:56,466 [INFO] IntegrityCheckThread:86 - entering critical section [integrity check]
2026-03-24 14:57:56,466 [INFO] PluginManage:359 - Loaded plugin thirdparty (category:base,tabindex:-1)
2026-03-24 14:57:56,467 [INFO] ThirdPartyUpdaterWithRetryManager:70 - Updater plugin not ready yet. [1/15]
2026-03-24 14:57:56,467 [INFO] PluginManage:310 - Check plugin tools
2026-03-24 14:57:56,471 [INFO] PluginManage:359 - Loaded plugin tools (category:base,tabindex:7)
2026-03-24 14:57:56,472 [INFO] PluginManage:310 - Check plugin tutovideos
2026-03-24 14:57:56,610 [INFO] PluginManage:359 - Loaded plugin tutovideos (category:base,tabindex:-1)
2026-03-24 14:57:56,610 [INFO] PluginManage:310 - Check plugin updater
2026-03-24 14:57:56,634 [INFO] PluginManage:359 - Loaded plugin updater (category:base,tabindex:12)
2026-03-24 14:57:56,634 [INFO] PluginManage:310 - Check plugin userauth
2026-03-24 14:57:56,638 [INFO] UserAuth:118 - Init User Auth plugin
2026-03-24 14:57:56,638 [INFO] PluginManage:359 - Loaded plugin userauth (category:base,tabindex:14)
2026-03-24 14:57:56,639 [INFO] PluginManage:283 - PluginManage : Loaded plugins [18]
2026-03-24 14:57:56,871 [INFO] PinOutPanel:1589 - setPackage(No Configuration,No Configuration)
2026-03-24 14:57:56,933 [INFO] CADModel:165 - CPN selected for project level
2026-03-24 14:57:56,933 [INFO] CADModel:114 - Register for checkConnection events
2026-03-24 14:57:56,955 [INFO] IPUIPlugin:80 - create IPUIPlugin
2026-03-24 14:57:56,955 [INFO] PluginManager:220 - loadIPPluginJar : add adc
2026-03-24 14:57:56,958 [INFO] IPUIPlugin:80 - create IPUIPlugin
2026-03-24 14:57:56,958 [INFO] PluginManager:220 - loadIPPluginJar : add aes
2026-03-24 14:57:56,960 [INFO] IPUIPlugin:80 - create IPUIPlugin
2026-03-24 14:57:56,961 [INFO] PluginManager:220 - loadIPPluginJar : add can
2026-03-24 14:57:56,962 [INFO] IPUIPlugin:80 - create IPUIPlugin
2026-03-24 14:57:56,962 [INFO] PluginManager:220 - loadIPPluginJar : add comp
2026-03-24 14:57:56,966 [INFO] IPUIPlugin:80 - create IPUIPlugin
2026-03-24 14:57:56,966 [INFO] PluginManager:220 - loadIPPluginJar : add cryp
2026-03-24 14:57:56,969 [INFO] IPUIPlugin:80 - create IPUIPlugin
2026-03-24 14:57:56,970 [INFO] PluginManager:220 - loadIPPluginJar : add ddr_ctrl_phy
2026-03-24 14:57:56,972 [INFO] IPUIPlugin:80 - create IPUIPlugin
2026-03-24 14:57:56,972 [INFO] PluginManager:220 - loadIPPluginJar : add dfsdm
2026-03-24 14:57:56,977 [INFO] IPUIPlugin:80 - create IPUIPlugin
2026-03-24 14:57:56,978 [INFO] PluginManager:220 - loadIPPluginJar : add dma
2026-03-24 14:57:56,981 [INFO] IPUIPlugin:80 - create IPUIPlugin
2026-03-24 14:57:56,981 [INFO] PluginManager:220 - loadIPPluginJar : add dma3
2026-03-24 14:57:56,985 [INFO] IPUIPlugin:80 - create IPUIPlugin
2026-03-24 14:57:56,985 [INFO] PluginManager:220 - loadIPPluginJar : add extmemmanager
2026-03-24 14:57:56,987 [INFO] IPUIPlugin:80 - create IPUIPlugin
2026-03-24 14:57:56,987 [INFO] PluginManager:220 - loadIPPluginJar : add fatfs
2026-03-24 14:57:56,994 [INFO] IPUIPlugin:80 - create IPUIPlugin
2026-03-24 14:57:56,994 [INFO] PluginManager:220 - loadIPPluginJar : add fmc
2026-03-24 14:57:57,000 [INFO] IPUIPlugin:80 - create IPUIPlugin
2026-03-24 14:57:57,002 [INFO] PluginManager:220 - loadIPPluginJar : add freertos
2026-03-24 14:57:57,003 [INFO] IPUIPlugin:80 - create IPUIPlugin
2026-03-24 14:57:57,003 [INFO] PluginManager:220 - loadIPPluginJar : add genericplugin
2026-03-24 14:57:57,007 [INFO] IPUIPlugin:80 - create IPUIPlugin
2026-03-24 14:57:57,007 [INFO] PluginManager:220 - loadIPPluginJar : add gfxmmu
2026-03-24 14:57:57,013 [INFO] IPUIPlugin:80 - create IPUIPlugin
2026-03-24 14:57:57,013 [INFO] PluginManager:220 - loadIPPluginJar : add gic
2026-03-24 14:57:57,017 [INFO] IPUIPlugin:80 - create IPUIPlugin
2026-03-24 14:57:57,017 [INFO] PluginManager:220 - loadIPPluginJar : add gpio
2026-03-24 14:57:57,019 [INFO] IPUIPlugin:80 - create IPUIPlugin
2026-03-24 14:57:57,020 [INFO] PluginManager:220 - loadIPPluginJar : add gtzc
2026-03-24 14:57:57,022 [INFO] IPUIPlugin:80 - create IPUIPlugin
2026-03-24 14:57:57,022 [INFO] PluginManager:220 - loadIPPluginJar : add hash
2026-03-24 14:57:57,025 [INFO] IPUIPlugin:80 - create IPUIPlugin
2026-03-24 14:57:57,025 [INFO] PluginManager:220 - loadIPPluginJar : add i2c
2026-03-24 14:57:57,027 [INFO] IPUIPlugin:80 - create IPUIPlugin
2026-03-24 14:57:57,028 [INFO] PluginManager:220 - loadIPPluginJar : add i2s
2026-03-24 14:57:57,031 [INFO] IPUIPlugin:80 - create IPUIPlugin
2026-03-24 14:57:57,031 [INFO] PluginManager:220 - loadIPPluginJar : add i3c
2026-03-24 14:57:57,035 [INFO] IPUIPlugin:80 - create IPUIPlugin
2026-03-24 14:57:57,035 [INFO] PluginManager:220 - loadIPPluginJar : add ipddr
2026-03-24 14:57:57,042 [INFO] IPUIPlugin:80 - create IPUIPlugin
2026-03-24 14:57:57,042 [INFO] PluginManager:220 - loadIPPluginJar : add linkedlist
2026-03-24 14:57:57,045 [INFO] IPUIPlugin:80 - create IPUIPlugin
2026-03-24 14:57:57,045 [INFO] PluginManager:220 - loadIPPluginJar : add lorawan
2026-03-24 14:57:57,047 [INFO] IPUIPlugin:80 - create IPUIPlugin
2026-03-24 14:57:57,047 [INFO] PluginManager:220 - loadIPPluginJar : add ltdc
2026-03-24 14:57:57,053 [INFO] IPUIPlugin:80 - create IPUIPlugin
2026-03-24 14:57:57,053 [INFO] PluginManager:220 - loadIPPluginJar : add mdma
2026-03-24 14:57:57,066 [INFO] IPUIPlugin:80 - create IPUIPlugin
2026-03-24 14:57:57,066 [INFO] PluginManager:220 - loadIPPluginJar : add nvic
2026-03-24 14:57:57,071 [INFO] IPUIPlugin:80 - create IPUIPlugin
2026-03-24 14:57:57,071 [INFO] PluginManager:220 - loadIPPluginJar : add opamp
2026-03-24 14:57:57,074 [INFO] IPUIPlugin:80 - create IPUIPlugin
2026-03-24 14:57:57,074 [INFO] PluginManager:220 - loadIPPluginJar : add openamp
2026-03-24 14:57:57,077 [INFO] IPUIPlugin:80 - create IPUIPlugin
2026-03-24 14:57:57,077 [INFO] PluginManager:220 - loadIPPluginJar : add pdm2pcm
2026-03-24 14:57:57,082 [INFO] IPUIPlugin:80 - create IPUIPlugin
2026-03-24 14:57:57,084 [INFO] PluginManager:220 - loadIPPluginJar : add plateformsettings
2026-03-24 14:57:57,085 [INFO] IPUIPlugin:80 - create IPUIPlugin
2026-03-24 14:57:57,085 [INFO] PluginManager:220 - loadIPPluginJar : add quadspi
2026-03-24 14:57:57,088 [INFO] IPUIPlugin:80 - create IPUIPlugin
2026-03-24 14:57:57,088 [INFO] PluginManager:220 - loadIPPluginJar : add radio
2026-03-24 14:57:57,093 [INFO] IPUIPlugin:80 - create IPUIPlugin
2026-03-24 14:57:57,093 [INFO] PluginManager:220 - loadIPPluginJar : add resmgrutility
2026-03-24 14:57:57,095 [INFO] IPUIPlugin:80 - create IPUIPlugin
2026-03-24 14:57:57,096 [INFO] PluginManager:220 - loadIPPluginJar : add sai
2026-03-24 14:57:57,098 [INFO] IPUIPlugin:80 - create IPUIPlugin
2026-03-24 14:57:57,098 [INFO] PluginManager:220 - loadIPPluginJar : add spi
2026-03-24 14:57:57,103 [INFO] IPUIPlugin:80 - create IPUIPlugin
2026-03-24 14:57:57,103 [INFO] PluginManager:220 - loadIPPluginJar : add stm32_wpan
2026-03-24 14:57:57,105 [INFO] IPUIPlugin:80 - create IPUIPlugin
2026-03-24 14:57:57,105 [INFO] PluginManager:220 - loadIPPluginJar : add tim
2026-03-24 14:57:57,107 [INFO] IPUIPlugin:80 - create IPUIPlugin
2026-03-24 14:57:57,108 [INFO] PluginManager:220 - loadIPPluginJar : add touchsensing
2026-03-24 14:57:57,109 [INFO] IPUIPlugin:80 - create IPUIPlugin
2026-03-24 14:57:57,109 [INFO] PluginManager:220 - loadIPPluginJar : add tracer_emb
2026-03-24 14:57:57,111 [INFO] IPUIPlugin:80 - create IPUIPlugin
2026-03-24 14:57:57,111 [INFO] PluginManager:220 - loadIPPluginJar : add ts
2026-03-24 14:57:57,112 [INFO] IPUIPlugin:80 - create IPUIPlugin
2026-03-24 14:57:57,112 [INFO] PluginManager:220 - loadIPPluginJar : add tsc
2026-03-24 14:57:57,113 [INFO] IPUIPlugin:80 - create IPUIPlugin
2026-03-24 14:57:57,114 [INFO] PluginManager:220 - loadIPPluginJar : add ucpd
2026-03-24 14:57:57,115 [INFO] IPUIPlugin:80 - create IPUIPlugin
2026-03-24 14:57:57,115 [INFO] PluginManager:220 - loadIPPluginJar : add usart
2026-03-24 14:57:57,118 [INFO] IPUIPlugin:80 - create IPUIPlugin
2026-03-24 14:57:57,118 [INFO] PluginManager:220 - loadIPPluginJar : add usbx
2026-03-24 14:57:57,232 [FATAL] Updater:351 - Updater called before beeing initialized
2026-03-24 14:57:57,257 [INFO] RulesReader:64 - Compatibility file has been processed (302 Rules)
2026-03-24 14:57:57,265 [INFO] RulesReader:64 - Compatibility file has been processed (302 Rules)
2026-03-24 14:57:57,281 [INFO] CADModel:165 - CPN selected for project level
2026-03-24 14:57:57,281 [INFO] CADModel:114 - Register for checkConnection events
2026-03-24 14:57:57,281 [FATAL] Updater:351 - Updater called before beeing initialized
2026-03-24 14:57:57,281 [ERROR] CADModel:125 - Updater not yet initialized, retry later 
2026-03-24 14:57:57,422 [FATAL] Updater:351 - Updater called before beeing initialized
2026-03-24 14:57:57,423 [INFO] CADModel:165 - CPN selected for project level
2026-03-24 14:57:57,424 [INFO] CADModel:114 - Register for checkConnection events
2026-03-24 14:57:57,424 [FATAL] Updater:351 - Updater called before beeing initialized
2026-03-24 14:57:57,424 [ERROR] CADModel:125 - Updater not yet initialized, retry later 
2026-03-24 14:57:57,427 [FATAL] Updater:351 - Updater called before beeing initialized
2026-03-24 14:57:57,516 [FATAL] Updater:351 - Updater called before beeing initialized
2026-03-24 14:57:57,519 [INFO] DbMcusAds:53 - JSON generation date=Thu Jan 08 10:57:51 EST 2026 (1767887871456)
2026-03-24 14:57:57,519 [FATAL] Updater:351 - Updater called before beeing initialized
2026-03-24 14:57:57,552 [WARN] DetailPanel:346 - Failed to get advertising image, set to default
2026-03-24 14:57:57,701 [FATAL] Updater:351 - Updater called before beeing initialized
2026-03-24 14:57:57,706 [FATAL] Updater:351 - Updater called before beeing initialized
2026-03-24 14:57:57,706 [FATAL] Updater:351 - Updater called before beeing initialized
2026-03-24 14:57:57,706 [WARN] DetailPanel:346 - Failed to get advertising image, set to default
2026-03-24 14:57:57,707 [FATAL] Updater:351 - Updater called before beeing initialized
2026-03-24 14:57:57,750 [ERROR] Updater:1198 - MainUpdater not yet initialized. External WinMGr cannot be set.
2026-03-24 14:57:57,752 [INFO] Updater:1134 - Updater Version found : 6.14.1
2026-03-24 14:57:57,771 [INFO] ApplicationProperties:184 - Using Application install path: C:\ST\STM32CubeIDE_1.18.1\STM32CubeIDE\plugins\com.st.stm32cube.common.mx_6.14.1.202504091515
2026-03-24 14:57:59,343 [ERROR] LogOutputStream:75 - [STDERR_REDIRECT] Mar 24, 2026 2:57:59 PM java.util.prefs.WindowsPreferences <init>
2026-03-24 14:57:59,345 [ERROR] LogOutputStream:75 - [STDERR_REDIRECT] WARNING: Could not open/create prefs root node Software\JavaSoft\Prefs at root 0xffffffff80000002. Windows RegCreateKeyEx(...) returned error code 5.
2026-03-24 14:57:59,345 [ERROR] LogOutputStream:75 - [STDERR_REDIRECT] 
2026-03-24 14:57:59,468 [INFO] ThirdPartyUpdaterWithRetryManager:70 - Updater plugin not ready yet. [2/15]
2026-03-24 14:57:59,870 [INFO] MainUpdater:2872 - connection check result : 10
2026-03-24 14:57:59,871 [INFO] MainUpdater:3566 - Updater definition file requires update
2026-03-24 14:57:59,871 [INFO] MainUpdater:289 - Updater Check For Update Now.
2026-03-24 14:57:59,872 [INFO] MicroXplorer:498 - Change Database Version : DB.6.0.141
2026-03-24 14:57:59,877 [INFO] McuFinderGlobals:63 - Set McuFinder mode to 2 (CubeIDE integrated)
2026-03-24 14:57:59,877 [INFO] UserAuth:171 - activating auth plugin
2026-03-24 14:57:59,879 [INFO] UserAuth:484 - Internet connection configuration mode: 1
2026-03-24 14:57:59,895 [INFO] JxBrowserEngine:152 - Initiate JxBrowser Engine with user profile folder
2026-03-24 14:57:59,936 [INFO] ServerAccessManage:473 - Download File updaters.zip
2026-03-24 14:58:00,087 [INFO] FileExtend:242 - Unzip File : updaters.zip
2026-03-24 14:58:00,088 [INFO] FileExtend:257 - Standard Zip Deflate
2026-03-24 14:58:00,452 [INFO] ServerAccessManage:473 - Download File PacksControlFlags.xml
2026-03-24 14:58:00,562 [INFO] ServerAccessManage:473 - Download File cubemx.pidx
2026-03-24 14:58:00,664 [INFO] LoadServerUpdatesThread:375 - End of LoadServerUpdate Thread
2026-03-24 14:58:00,828 [INFO] CheckServerUpdateThread:120 - End of CheckServer Thread
2026-03-24 14:58:01,335 [INFO] WebApp:169 - Instantiating new browser for Auth
2026-03-24 14:58:01,999 [INFO] WebApp:463 - Apply proxy settings
2026-03-24 14:58:02,000 [INFO] WebApp:548 - Chromium requires no authentication
2026-03-24 14:58:02,018 [INFO] WebApp:491 - Direct internet connection detected
2026-03-24 14:58:02,051 [INFO] WebApp:894 - Register for checkConnection events
2026-03-24 14:58:02,051 [INFO] WebApp:463 - Apply proxy settings
2026-03-24 14:58:02,051 [INFO] WebApp:548 - Chromium requires no authentication
2026-03-24 14:58:02,052 [INFO] WebApp:491 - Direct internet connection detected
2026-03-24 14:58:02,242 [INFO] WebApp:225 - Starting web application
2026-03-24 14:58:02,242 [INFO] WebApp:593 - Web application path used C:\ST\STM32CubeIDE_1.18.1\STM32CubeIDE\plugins\com.st.stm32cube.common.mx_6.14.1.202504091515\db\plugins\mcufinder\reactClient1\index.html
2026-03-24 14:58:02,533 [INFO] WebApp:191 - Connection restablished
2026-03-24 14:58:03,104 [WARN] PackLoader:240 - Cannot read IP mode file for STMicroelectronics.X-CUBE-AZRTOS-H7.3.5.0
2026-03-24 14:58:03,117 [WARN] PackLoader:240 - Cannot read IP mode file for STMicroelectronics.FP-SNS-MOTENVWB1.1.4.0
2026-03-24 14:58:03,132 [WARN] PackLoader:240 - Cannot read IP mode file for STMicroelectronics.FP-ATR-ASTRA1.2.0.2
2026-03-24 14:58:03,191 [WARN] PackLoader:240 - Cannot read IP mode file for STMicroelectronics.X-CUBE-SMBUS.2.1.0
2026-03-24 14:58:03,221 [WARN] PackLoader:240 - Cannot read IP mode file for STMicroelectronics.X-CUBE-AZRTOS-F7.1.1.0
2026-03-24 14:58:03,231 [ERROR] Engine:466 - C:\Users\godsp\.stm32cubemx\thirdparties\pdsc\STMicroelectronics.FP-SNS-MOTENV1.5.1.0.pdsc: PDSC version is not supported
2026-03-24 14:58:03,236 [ERROR] Engine:466 - C:\Users\godsp\.stm32cubemx\thirdparties\pdsc\WES.I-CUBE-Cesium.1.4.0.pdsc: PDSC version is not supported
2026-03-24 14:58:03,263 [WARN] PackLoader:240 - Cannot read IP mode file for STMicroelectronics.X-CUBE-AZRTOS-H7.3.4.0
2026-03-24 14:58:03,278 [WARN] PackLoader:240 - Cannot read IP mode file for STMicroelectronics.X-CUBE-DISPLAY.3.0.0
2026-03-24 14:58:03,283 [ERROR] Engine:466 - C:\Users\godsp\.stm32cubemx\thirdparties\pdsc\STMicroelectronics.FP-SNS-MOTENVWB1.1.5.0.pdsc: PDSC version is not supported
2026-03-24 14:58:03,299 [WARN] PackLoader:240 - Cannot read IP mode file for STMicroelectronics.X-CUBE-NFC10.1.0.0
2026-03-24 14:58:03,306 [WARN] PackLoader:240 - Cannot read IP mode file for STMicroelectronics.X-CUBE-ST60.1.1.0
2026-03-24 14:58:03,314 [WARN] PackLoader:240 - Cannot read IP mode file for emotas.I-CUBE-CANOPEN.1.3.0
2026-03-24 14:58:03,320 [WARN] PackLoader:240 - Cannot read IP mode file for STMicroelectronics.X-CUBE-GNSS1.7.1.0
2026-03-24 14:58:03,327 [ERROR] Engine:466 - C:\Users\godsp\.stm32cubemx\thirdparties\pdsc\STMicroelectronics.FP-SNS-STBOX1.2.1.0.pdsc: PDSC version is not supported
2026-03-24 14:58:03,330 [WARN] PackLoader:240 - Cannot read IP mode file for STMicroelectronics.FP-SNS-SMARTAG2.1.2.0
2026-03-24 14:58:03,333 [WARN] PackLoader:240 - Cannot read IP mode file for STMicroelectronics.FP-SNS-FLIGHT1.5.1.0
2026-03-24 14:58:03,348 [INFO] LogOutputStream:77 - [STDOUT_REDIRECT] 1 : Invalid condition id : UX_CORESTACK_Condition cause : null
2026-03-24 14:58:03,349 [INFO] LogOutputStream:77 - [STDOUT_REDIRECT] 1 : Invalid condition id : UX_CORESTACK_Condition cause : null
2026-03-24 14:58:03,350 [INFO] LogOutputStream:77 - [STDOUT_REDIRECT] 1 : Invalid condition id : UX_CORESTACK_Condition cause : null
2026-03-24 14:58:03,353 [INFO] LogOutputStream:77 - [STDOUT_REDIRECT] 1 : Invalid condition id : UX_CORESTACK_Condition cause : null
2026-03-24 14:58:03,354 [INFO] LogOutputStream:77 - [STDOUT_REDIRECT] 1 : Invalid condition id : UX_CORESTACK_Condition cause : null
2026-03-24 14:58:03,356 [WARN] PackLoader:240 - Cannot read IP mode file for STMicroelectronics.X-CUBE-AZRTOS-WL.2.0.0
2026-03-24 14:58:03,397 [WARN] PackLoader:240 - Cannot read IP mode file for STMicroelectronics.X-CUBE-AZRTOS-H7RS.1.2.0
2026-03-24 14:58:03,406 [WARN] PackLoader:240 - Cannot read IP mode file for STMicroelectronics.X-CUBE-BLE2.3.3.0
2026-03-24 14:58:03,440 [WARN] PackLoader:240 - Cannot read IP mode file for Infineon.AIROC-Wi-Fi-Bluetooth-STM32.1.8.0
2026-03-24 14:58:03,446 [WARN] PackLoader:240 - Cannot read IP mode file for STMicroelectronics.X-CUBE-NFC9.1.0.0
2026-03-24 14:58:03,450 [WARN] PackLoader:240 - Cannot read IP mode file for STMicroelectronics.X-CUBE-BLE1.7.1.0
2026-03-24 14:58:03,453 [WARN] PackLoader:240 - Cannot read IP mode file for wolfSSL.I-CUBE-wolfMQTT.1.19.2
2026-03-24 14:58:03,456 [ERROR] Engine:466 - C:\Users\godsp\.stm32cubemx\thirdparties\pdsc\STMicroelectronics.X-CUBE-FREERTOS.1.4.0.pdsc: PDSC version is not supported
2026-03-24 14:58:03,459 [WARN] PackLoader:240 - Cannot read IP mode file for STMicroelectronics.X-CUBE-EEPRMA1.5.2.0
2026-03-24 14:58:03,465 [WARN] PackLoader:240 - Cannot read IP mode file for wolfSSL.I-CUBE-wolfSSL.5.8.4
2026-03-24 14:58:03,471 [WARN] PackLoader:240 - Cannot read IP mode file for Cesanta.I-CUBE-Mongoose.7.20.0
2026-03-24 14:58:03,491 [WARN] PackLoader:240 - Cannot read IP mode file for STMicroelectronics.X-CUBE-MEMS1.12.0.0
2026-03-24 14:58:03,540 [WARN] PackLoader:240 - Cannot read IP mode file for STMicroelectronics.X-CUBE-AZRTOS-G0.1.1.0
2026-03-24 14:58:03,547 [WARN] PackLoader:240 - Cannot read IP mode file for STMicroelectronics.X-CUBE-NFC4.3.0.0
2026-03-24 14:58:03,552 [WARN] PackLoader:240 - Cannot read IP mode file for EmbeddedOffice.I-CUBE-FS-RTOS.1.0.1
2026-03-24 14:58:03,557 [WARN] PackLoader:240 - Cannot read IP mode file for STMicroelectronics.X-CUBE-WB05N.2.0.0
2026-03-24 14:58:03,561 [WARN] PackLoader:240 - Cannot read IP mode file for wolfSSL.I-CUBE-wolfTPM.3.8.0
2026-03-24 14:58:03,566 [WARN] PackLoader:240 - Cannot read IP mode file for STMicroelectronics.X-CUBE-TCPP.4.2.0
2026-03-24 14:58:03,569 [WARN] PackLoader:240 - Cannot read IP mode file for RealThread.X-CUBE-RT-Thread_Nano.4.1.1
2026-03-24 14:58:03,571 [WARN] PackLoader:240 - Cannot read IP mode file for STMicroelectronics.FP-ATR-SIGFOX1.3.2.0
2026-03-24 14:58:03,574 [ERROR] Engine:466 - C:\Users\godsp\.stm32cubemx\thirdparties\pdsc\STMicroelectronics.X-CUBE-FREERTOS.1.5.0.pdsc: PDSC version is not supported
2026-03-24 14:58:03,576 [WARN] PackLoader:240 - Cannot read IP mode file for ITTIA_DB.I-CUBE-ITTIADB.8.9.0
2026-03-24 14:58:03,580 [WARN] PackLoader:240 - Cannot read IP mode file for STMicroelectronics.X-CUBE-NFC6.3.2.0
2026-03-24 14:58:03,584 [WARN] PackLoader:240 - Cannot read IP mode file for STMicroelectronics.X-CUBE-AI.10.2.0
2026-03-24 14:58:03,603 [WARN] PackLoader:240 - Cannot read IP mode file for SEGGER.I-CUBE-embOS.1.3.1
2026-03-24 14:58:03,627 [WARN] PackLoader:240 - Cannot read IP mode file for STMicroelectronics.X-CUBE-ALGOBUILD.1.4.0
2026-03-24 14:58:03,630 [WARN] PackLoader:240 - Cannot read IP mode file for STMicroelectronics.X-CUBE-PM33A1.1.0.0
2026-03-24 14:58:03,639 [WARN] PackLoader:240 - Cannot read IP mode file for STMicroelectronics.X-CUBE-AZRTOS-F4.1.1.0
2026-03-24 14:58:03,644 [WARN] PackLoader:240 - Cannot read IP mode file for STMicroelectronics.X-CUBE-ISPU.2.1.0
2026-03-24 14:58:03,648 [ERROR] Engine:466 - C:\Users\godsp\.stm32cubemx\thirdparties\pdsc\STMicroelectronics.X-CUBE-IPS.3.2.0.pdsc: PDSC version is not supported
2026-03-24 14:58:03,651 [WARN] PackLoader:240 - Cannot read IP mode file for STMicroelectronics.X-CUBE-NFC12.1.0.0
2026-03-24 14:58:03,661 [WARN] PackLoader:240 - Cannot read IP mode file for STMicroelectronics.X-CUBE-AZRTOS-L5.2.0.0
2026-03-24 14:58:03,671 [WARN] PackLoader:240 - Cannot read IP mode file for STMicroelectronics.X-CUBE-TOUCHGFX.4.26.0
2026-03-24 14:58:03,674 [WARN] PackLoader:240 - Cannot read IP mode file for STMicroelectronics.X-CUBE-TOUCHGFX.4.26.1
2026-03-24 14:58:03,679 [WARN] PackLoader:240 - Cannot read IP mode file for STMicroelectronics.FP-SNS-STAIOTCFT.1.0.0
2026-03-24 14:58:03,683 [WARN] PackLoader:240 - Cannot read IP mode file for STMicroelectronics.X-CUBE-DPower.1.3.0
2026-03-24 14:58:03,691 [WARN] ConditionMgr:438 - getConditionDescription Invalid condition id : LAN8742 Phy interface Condition cause : null
2026-03-24 14:58:03,691 [WARN] PackLoader:240 - Cannot read IP mode file for STMicroelectronics.X-CUBE-AZRTOS-L4.2.0.0
2026-03-24 14:58:03,692 [WARN] ConditionMgr:1044 - genDependencies : Invalid condition id : LAN8742 Phy interface Condition cause : null
2026-03-24 14:58:03,692 [WARN] ConditionMgr:1044 - genDependencies : Invalid condition id : LAN8742 Phy interface Condition cause : null
2026-03-24 14:58:03,692 [WARN] ConditionMgr:1044 - genDependencies : Invalid condition id : LAN8742 Phy interface Condition cause : null
2026-03-24 14:58:03,697 [WARN] PackLoader:240 - Cannot read IP mode file for STMicroelectronics.X-CUBE-SFXS2LP1.4.0.0
2026-03-24 14:58:03,700 [ERROR] Engine:466 - C:\Users\godsp\.stm32cubemx\thirdparties\pdsc\STMicroelectronics.X-CUBE-ST67W61.1.2.0.pdsc: PDSC version is not supported
2026-03-24 14:58:03,706 [WARN] PackLoader:240 - Cannot read IP mode file for STMicroelectronics.X-CUBE-BLEMGR.4.1.0
2026-03-24 14:58:03,714 [WARN] ConditionMgr:438 - getConditionDescription Invalid condition id : UX DEVICE CLASS RTOS Condition cause : null
2026-03-24 14:58:03,714 [WARN] ConditionMgr:438 - getConditionDescription Invalid condition id : UX DEVICE CLASS RTOS Condition cause : null
2026-03-24 14:58:03,714 [WARN] PackLoader:240 - Cannot read IP mode file for STMicroelectronics.X-CUBE-AZRTOS-WB.2.0.0
2026-03-24 14:58:03,714 [WARN] ConditionMgr:1044 - genDependencies : Invalid condition id : UX DEVICE CLASS RTOS Condition cause : null
2026-03-24 14:58:03,714 [WARN] ConditionMgr:1044 - genDependencies : Invalid condition id : UX DEVICE CLASS RTOS Condition cause : null
2026-03-24 14:58:03,715 [WARN] ConditionMgr:1044 - genDependencies : Invalid condition id : UX DEVICE CLASS RTOS Condition cause : null
2026-03-24 14:58:03,715 [WARN] ConditionMgr:1044 - genDependencies : Invalid condition id : UX DEVICE CLASS RTOS Condition cause : null
2026-03-24 14:58:03,715 [WARN] ConditionMgr:1044 - genDependencies : Invalid condition id : UX DEVICE CLASS RTOS Condition cause : null
2026-03-24 14:58:03,718 [WARN] ConditionMgr:438 - getConditionDescription Invalid condition id : Cortex-A Device cause : null
2026-03-24 14:58:03,724 [WARN] ConditionMgr:1044 - genDependencies : Invalid condition id : Cortex-A Device cause : null
2026-03-24 14:58:03,724 [WARN] ConditionMgr:1044 - genDependencies : Invalid condition id : Cortex-A Device cause : null
2026-03-24 14:58:03,724 [WARN] ConditionMgr:1044 - genDependencies : Invalid condition id : Cortex-A Device cause : null
2026-03-24 14:58:03,729 [WARN] PackLoader:240 - Cannot read IP mode file for STMicroelectronics.X-CUBE-STSE01.2.0.0
2026-03-24 14:58:03,735 [WARN] PackLoader:240 - Cannot read IP mode file for STMicroelectronics.X-CUBE-SUBG2.5.0.0
2026-03-24 14:58:03,745 [WARN] PackLoader:240 - Cannot read IP mode file for STMicroelectronics.X-CUBE-AZRTOS-G4.2.0.0
2026-03-24 14:58:03,749 [WARN] PackLoader:240 - Cannot read IP mode file for wolfSSL.I-CUBE-wolfSSH.1.4.20
2026-03-24 14:58:03,754 [WARN] PackLoader:240 - Cannot read IP mode file for STMicroelectronics.X-CUBE-NFC7.2.0.0
2026-03-24 14:58:03,757 [WARN] PackLoader:240 - Cannot read IP mode file for STMicroelectronics.X-CUBE-ALS.1.0.2
2026-03-24 14:58:03,763 [WARN] PackLoader:240 - Cannot read IP mode file for STMicroelectronics.X-CUBE-TOF1.3.4.3
2026-03-24 14:58:03,776 [INFO] ThirdParty:978 - Integrity check success = true
2026-03-24 14:58:03,776 [INFO] IntegrityCheckThread:100 - exiting critical section [integrity check]
2026-03-24 14:58:03,776 [INFO] IntegrityCheckThread:103 - End integrity checks thread
